<?xml version="1.0" encoding="UTF-8"?>
<!-- Generated by org.testng.reporters.JUnitReportReporter -->
<testsuite hostname="DESKTOP-M1PVVOC" failures="0" tests="1" name="edureka.tests.LoginTest" time="0.000" errors="0" timestamp="2023-07-20T14:44:16 IST" skipped="1">
  <testcase classname="edureka.tests.LoginTest" name="init" time="0.000">
    <skipped/>
  </testcase> <!-- init -->
</testsuite> <!-- edureka.tests.LoginTest -->
