<?xml version="1.0" encoding="UTF-8"?>
<!-- Generated by org.testng.reporters.JUnitReportReporter -->
<testsuite hostname="DESKTOP-M1PVVOC" failures="0" tests="1" name="edurek.pages.TestNG" time="5.013" errors="0" timestamp="2023-07-20T16:19:01 IST" skipped="0">
  <testcase classname="edurek.pages.TestNG" name="main" time="5.013"/>
</testsuite> <!-- edurek.pages.TestNG -->
