<?xml version="1.0" encoding="UTF-8"?>
<!-- Generated by org.testng.reporters.JUnitReportReporter -->
<testsuite hostname="DESKTOP-M1PVVOC" failures="0" tests="1" name="edureka.tests.RediffLoginTest" time="8.084" errors="0" timestamp="2023-07-21T11:09:26 IST" skipped="0">
  <testcase classname="edureka.tests.RediffLoginTest" name="init" time="8.084"/>
</testsuite> <!-- edureka.tests.RediffLoginTest -->
