<?xml version="1.0" encoding="UTF-8"?>
<!-- Generated by org.testng.reporters.JUnitReportReporter -->
<testsuite hostname="DESKTOP-M1PVVOC" failures="0" tests="1" name="firsttestngproject.FirstTestNGFile" time="4.664" errors="0" timestamp="2023-07-07T12:17:27 IST" skipped="0">
  <testcase classname="firsttestngproject.FirstTestNGFile" name="verifyHomepageTitle" time="4.664"/>
</testsuite> <!-- firsttestngproject.FirstTestNGFile -->
