<?xml version="1.0" encoding="UTF-8"?>
<!-- Generated by org.testng.reporters.JUnitReportReporter -->
<testsuite hostname="DESKTOP-ILC4HTB" failures="0" tests="1" name="com.expenseondemand.test_Scripts.ReadOtpFrom_Yopmail" time="4.345" errors="0" timestamp="2023-06-12T16:46:05 IST" skipped="0">
  <testcase classname="com.expenseondemand.test_Scripts.ReadOtpFrom_Yopmail" name="doRegistrationOn_EOD" time="4.345"/>
  <system-out/>
</testsuite> <!-- com.expenseondemand.test_Scripts.ReadOtpFrom_Yopmail -->
