<?xml version="1.0" encoding="UTF-8"?>
<!-- Generated by org.testng.reporters.JUnitReportReporter -->
<testsuite hostname="DESKTOP-ILC4HTB" failures="0" tests="1" name="com.expenseondemand.test_Scripts.HomePage" time="4.148" errors="0" timestamp="2023-06-12T14:41:37 IST" skipped="0">
  <testcase classname="com.expenseondemand.test_Scripts.HomePage" name="loginToHomePage" time="4.148"/>
  <system-out/>
</testsuite> <!-- com.expenseondemand.test_Scripts.HomePage -->
