<?xml version="1.0" encoding="UTF-8"?>
<!-- Generated by org.testng.reporters.JUnitReportReporter -->
<testsuite hostname="DESKTOP-ILC4HTB" failures="0" tests="1" name="com.expenseondemand.test_Scripts.RegistionOfExpenseOnDemand" time="2.525" errors="0" timestamp="2023-06-12T14:48:22 IST" skipped="0">
  <testcase classname="com.expenseondemand.test_Scripts.RegistionOfExpenseOnDemand" name="doRegistrationOn_EOD" time="2.525"/>
  <system-out/>
</testsuite> <!-- com.expenseondemand.test_Scripts.RegistionOfExpenseOnDemand -->
