<?xml version="1.0" encoding="UTF-8"?>
<!-- Generated by org.testng.reporters.JUnitReportReporter -->
<testsuite hostname="DESKTOP-M1PVVOC" failures="0" tests="1" name="co.edurekatraining.NewTest" time="6.035" errors="0" timestamp="2023-07-07T13:30:23 IST" skipped="0">
  <testcase classname="co.edurekatraining.NewTest" name="methodOne" time="6.035"/>
</testsuite> <!-- co.edurekatraining.NewTest -->
