<?xml version="1.0" encoding="UTF-8"?>
<!-- Generated by org.testng.reporters.JUnitReportReporter -->
<testsuite hostname="DESKTOP-M1PVVOC" failures="0" tests="1" name="TestCases.HomePage" time="8.749" errors="0" timestamp="2023-07-22T22:22:34 IST" skipped="0">
  <testcase classname="TestCases.HomePage" name="createUserTest" time="8.749"/>
  <system-out/>
</testsuite> <!-- TestCases.HomePage -->
